<?xml version="1.0" encoding="utf-8"?><testsuites name="pytest tests"><testsuite name="pytest" errors="0" failures="0" skipped="0" tests="11" time="4.618" timestamp="2026-05-08T18:32:07.110355+00:00" hostname="agent-env-8df05ecc-585d-450b-a6ed-4a523112a4f8"><testcase classname="tests.test_employees_campaigns_stats" name="test_employees_crud" time="0.958" /><testcase classname="tests.test_employees_campaigns_stats" name="test_templates_and_campaigns" time="0.414" /><testcase classname="tests.test_employees_campaigns_stats" name="test_stats_dashboard" time="0.078" /><testcase classname="tests.test_employees_campaigns_stats" name="test_activities_feed" time="0.066" /><testcase classname="tests.test_health_auth" name="test_health" time="0.207" /><testcase classname="tests.test_health_auth" name="test_protected_endpoints_require_auth" time="0.653" /><testcase classname="tests.test_health_auth" name="test_auth_me_with_session" time="0.072" /><testcase classname="tests.test_health_auth" name="test_set_role" time="0.191" /><testcase classname="tests.test_lead_workflow" name="test_public_lead_enquiry" time="0.162" /><testcase classname="tests.test_lead_workflow" name="test_full_workflow" time="1.397" /><testcase classname="tests.test_lead_workflow" name="test_negative_lead_status" time="0.387" /></testsuite></testsuites>